{"numFailedTestSuites":0,"numFailedTests":0,"numPassedTestSuites":39,"numPassedTests":433,"numPendingTestSuites":1,"numPendingTests":1,"numRuntimeErrorTestSuites":0,"numTodoTests":0,"numTotalTestSuites":40,"numTotalTests":434,"openHandles":[],"snapshot":{"added":0,"didUpdate":false,"failure":false,"filesAdded":0,"filesRemoved":0,"filesRemovedList":[],"filesUnmatched":0,"filesUpdated":0,"matched":0,"total":0,"unchecked":0,"uncheckedKeysByFile":[],"unmatched":0,"updated":0},"startTime":1789413364593,"success":true,"testResults":[{"assertionResults":[{"ancestorTitles":[],"duration":null,"failureDetails":[],"failureMessages":[],"fullName":"Set PHASE4_TEST_DATABASE_URL to run the PostgreSQL concurrency integration test","invocations":1,"location":null,"numPassingAsserts":0,"retryReasons":[],"status":"pending","title":"Set PHASE4_TEST_DATABASE_URL to run the PostgreSQL concurrency integration test"}],"coverage":{},"endTime":1789413466032,"message":"","name":"C:\\Users\\HP\\Downloads\\JOb portals\\Job-portal-backend\\tests\\admin.release.concurrent.integration.test.js","startTime":1789413466032,"status":"skipped","summary":""},{"assertionResults":[{"ancestorTitles":["seeker resume import endpoint"],"duration":135,"failureDetails":[],"failureMessages":[],"fullName":"seeker resume import endpoint requires authentication and seeker role","invocations":1,"location":null,"numPassingAsserts":3,"retryReasons":[],"status":"passed","title":"requires authentication and seeker role"},{"ancestorTitles":["seeker resume import endpoint"],"duration":83,"failureDetails":[],"failureMessages":[],"fullName":"seeker resume import endpoint returns a controlled error when no resume exists","invocations":1,"location":null,"numPassingAsserts":3,"retryReasons":[],"status":"passed","title":"returns a controlled error when no resume exists"},{"ancestorTitles":["seeker resume import endpoint"],"duration":2084,"failureDetails":[],"failureMessages":[],"fullName":"seeker resume import endpoint extracts candidate data from a stored PDF without writing profile data","invocations":1,"location":null,"numPassingAsserts":9,"retryReasons":[],"status":"passed","title":"extracts candidate data from a stored PDF without writing profile data"},{"ancestorTitles":["seeker resume import endpoint"],"duration":28,"failureDetails":[],"failureMessages":[],"fullName":"seeker resume import endpoint fails safely for malformed PDF data","invocations":1,"location":null,"numPassingAsserts":3,"retryReasons":[],"status":"passed","title":"fails safely for malformed PDF data"},{"ancestorTitles":["seeker resume import endpoint"],"duration":74,"failureDetails":[],"failureMessages":[],"fullName":"seeker resume import endpoint extracts text from a valid DOCX document","invocations":1,"location":null,"numPassingAsserts":5,"retryReasons":[],"status":"passed","title":"extracts text from a valid DOCX document"},{"ancestorTitles":["seeker resume import endpoint"],"duration":27,"failureDetails":[],"failureMessages":[],"fullName":"seeker resume import endpoint rejects legacy DOC import without changing upload support","invocations":1,"location":null,"numPassingAsserts":4,"retryReasons":[],"status":"passed","title":"rejects legacy DOC import without changing upload support"},{"ancestorTitles":["seeker resume import endpoint"],"duration":90,"failureDetails":[],"failureMessages":[],"fullName":"seeker resume import endpoint extracts an Aparna-style CV while excluding template vendor content","invocations":1,"location":null,"numPassingAsserts":12,"retryReasons":[],"status":"passed","title":"extracts an Aparna-style CV while excluding template vendor content"},{"ancestorTitles":["seeker resume import endpoint"],"duration":43,"failureDetails":[],"failureMessages":[],"fullName":"seeker resume import endpoint keeps deterministic extraction working when AI is unavailable or fails","invocations":1,"location":null,"numPassingAsserts":3,"retryReasons":[],"status":"passed","title":"keeps deterministic extraction working when AI is unavailable or fails"},{"ancestorTitles":["seeker resume import endpoint"],"duration":41,"failureDetails":[],"failureMessages":[],"fullName":"seeker resume import endpoint falls back to deterministic parsing when AI provider errors","invocations":1,"location":null,"numPassingAsserts":4,"retryReasons":[],"status":"passed","title":"falls back to deterministic parsing when AI provider errors"},{"ancestorTitles":["seeker resume import endpoint"],"duration":37,"failureDetails":[],"failureMessages":[],"fullName":"seeker resume import endpoint falls back to deterministic parsing when AI provider times out","invocations":1,"location":null,"numPassingAsserts":3,"retryReasons":[],"status":"passed","title":"falls back to deterministic parsing when AI provider times out"},{"ancestorTitles":["seeker resume import endpoint"],"duration":68,"failureDetails":[],"failureMessages":[],"fullName":"seeker resume import endpoint does not accept a client-supplied object key","invocations":1,"location":null,"numPassingAsserts":1,"retryReasons":[],"status":"passed","title":"does not accept a client-supplied object key"}],"endTime":1789413372571,"message":"","name":"C:\\Users\\HP\\Downloads\\JOb portals\\Job-portal-backend\\tests\\seeker.profile-import.test.js","startTime":1789413365626,"status":"passed","summary":""},{"assertionResults":[{"ancestorTitles":["GET /api/seeker/recommendations"],"duration":82,"failureDetails":[],"failureMessages":[],"fullName":"GET /api/seeker/recommendations returns ranked approved recommendations with explainable skill matches","invocations":1,"location":null,"numPassingAsserts":4,"retryReasons":[],"status":"passed","title":"returns ranked approved recommendations with explainable skill matches"},{"ancestorTitles":["GET /api/seeker/recommendations"],"duration":17,"failureDetails":[],"failureMessages":[],"fullName":"GET /api/seeker/recommendations returns empty recommendations for a seeker without skills","invocations":1,"location":null,"numPassingAsserts":3,"retryReasons":[],"status":"passed","title":"returns empty recommendations for a seeker without skills"},{"ancestorTitles":["GET /api/seeker/recommendations"],"duration":17,"failureDetails":[],"failureMessages":[],"fullName":"GET /api/seeker/recommendations applies a bounded boost for an active subscription with RECOMMENDATION_BOOST","invocations":1,"location":null,"numPassingAsserts":3,"retryReasons":[],"status":"passed","title":"applies a bounded boost for an active subscription with RECOMMENDATION_BOOST"},{"ancestorTitles":["GET /api/seeker/recommendations"],"duration":34,"failureDetails":[],"failureMessages":[],"fullName":"GET /api/seeker/recommendations does not apply boost when the subscription is not active or lacks the entitlement","invocations":1,"location":null,"numPassingAsserts":4,"retryReasons":[],"status":"passed","title":"does not apply boost when the subscription is not active or lacks the entitlement"},{"ancestorTitles":["GET /api/seeker/recommendations"],"duration":14,"failureDetails":[],"failureMessages":[],"fullName":"GET /api/seeker/recommendations supports deterministic cursor pagination","invocations":1,"location":null,"numPassingAsserts":3,"retryReasons":[],"status":"passed","title":"supports deterministic cursor pagination"},{"ancestorTitles":["GET /api/seeker/recommendations"],"duration":15,"failureDetails":[],"failureMessages":[],"fullName":"GET /api/seeker/recommendations rejects EMPLOYER role","invocations":1,"location":null,"numPassingAsserts":2,"retryReasons":[],"status":"passed","title":"rejects EMPLOYER role"},{"ancestorTitles":["GET /api/seeker/recommendations"],"duration":31,"failureDetails":[],"failureMessages":[],"fullName":"GET /api/seeker/recommendations rejects ADMIN role","invocations":1,"location":null,"numPassingAsserts":2,"retryReasons":[],"status":"passed","title":"rejects ADMIN role"},{"ancestorTitles":["GET /api/seeker/recommendations"],"duration":39,"failureDetails":[],"failureMessages":[],"fullName":"GET /api/seeker/recommendations rejects ownership query parameters and malformed pagination","invocations":1,"location":null,"numPassingAsserts":2,"retryReasons":[],"status":"passed","title":"rejects ownership query parameters and malformed pagination"}],"endTime":1789413375705,"message":"","name":"C:\\Users\\HP\\Downloads\\JOb portals\\Job-portal-backend\\tests\\seeker.recommendations.test.js","startTime":1789413372649,"status":"passed","summary":""},{"assertionResults":[{"ancestorTitles":["Admin bootstrap script"],"duration":10,"failureDetails":[],"failureMessages":[],"fullName":"Admin bootstrap script missing ADMIN_EMAIL fails safely","invocations":1,"location":null,"numPassingAsserts":1,"retryReasons":[],"status":"passed","title":"missing ADMIN_EMAIL fails safely"},{"ancestorTitles":["Admin bootstrap script"],"duration":2,"failureDetails":[],"failureMessages":[],"fullName":"Admin bootstrap script missing ADMIN_PASSWORD fails safely","invocations":1,"location":null,"numPassingAsserts":1,"retryReasons":[],"status":"passed","title":"missing ADMIN_PASSWORD fails safely"},{"ancestorTitles":["Admin bootstrap script"],"duration":2,"failureDetails":[],"failureMessages":[],"fullName":"Admin bootstrap script invalid email fails","invocations":1,"location":null,"numPassingAsserts":1,"retryReasons":[],"status":"passed","title":"invalid email fails"},{"ancestorTitles":["Admin bootstrap script"],"duration":402,"failureDetails":[],"failureMessages":[],"fullName":"Admin bootstrap script new user is created with role ADMIN","invocations":1,"location":null,"numPassingAsserts":4,"retryReasons":[],"status":"passed","title":"new user is created with role ADMIN"},{"ancestorTitles":["Admin bootstrap script"],"duration":777,"failureDetails":[],"failureMessages":[],"fullName":"Admin bootstrap script password is stored as a bcrypt hash and plaintext is never stored","invocations":1,"location":null,"numPassingAsserts":3,"retryReasons":[],"status":"passed","title":"password is stored as a bcrypt hash and plaintext is never stored"},{"ancestorTitles":["Admin bootstrap script"],"duration":1,"failureDetails":[],"failureMessages":[],"fullName":"Admin bootstrap script SEEKER cannot be converted to ADMIN","invocations":1,"location":null,"numPassingAsserts":1,"retryReasons":[],"status":"passed","title":"SEEKER cannot be converted to ADMIN"},{"ancestorTitles":["Admin bootstrap script"],"duration":1,"failureDetails":[],"failureMessages":[],"fullName":"Admin bootstrap script EMPLOYER cannot be converted to ADMIN","invocations":1,"location":null,"numPassingAsserts":1,"retryReasons":[],"status":"passed","title":"EMPLOYER cannot be converted to ADMIN"},{"ancestorTitles":["Admin bootstrap script"],"duration":1,"failureDetails":[],"failureMessages":[],"fullName":"Admin bootstrap script existing ADMIN is handled safely without overriding unrelated values unless reset is requested","invocations":1,"location":null,"numPassingAsserts":3,"retryReasons":[],"status":"passed","title":"existing ADMIN is handled safely without overriding unrelated values unless reset is requested"},{"ancestorTitles":["Admin bootstrap script"],"duration":392,"failureDetails":[],"failureMessages":[],"fullName":"Admin bootstrap script ADMIN_RESET_PASSWORD=true updates the existing ADMIN password hash explicitly","invocations":1,"location":null,"numPassingAsserts":2,"retryReasons":[],"status":"passed","title":"ADMIN_RESET_PASSWORD=true updates the existing ADMIN password hash explicitly"},{"ancestorTitles":["Admin bootstrap script"],"duration":43,"failureDetails":[],"failureMessages":[],"fullName":"Admin bootstrap script public registration still cannot create ADMIN","invocations":1,"location":null,"numPassingAsserts":2,"retryReasons":[],"status":"passed","title":"public registration still cannot create ADMIN"},{"ancestorTitles":["Admin bootstrap script"],"duration":771,"failureDetails":[],"failureMessages":[],"fullName":"Admin bootstrap script created ADMIN can log in through the shared auth endpoint and receives ADMIN role in JWT","invocations":1,"location":null,"numPassingAsserts":3,"retryReasons":[],"status":"passed","title":"created ADMIN can log in through the shared auth endpoint and receives ADMIN role in JWT"}],"endTime":1789413380641,"message":"","name":"C:\\Users\\HP\\Downloads\\JOb portals\\Job-portal-backend\\tests\\bootstrap-admin.test.js","startTime":1789413375718,"status":"passed","summary":""},{"assertionResults":[{"ancestorTitles":[],"duration":61,"failureDetails":[],"failureMessages":[],"fullName":"requires authentication and ADMIN authorization","invocations":1,"location":null,"numPassingAsserts":5,"retryReasons":[],"status":"passed","title":"requires authentication and ADMIN authorization"},{"ancestorTitles":[],"duration":19,"failureDetails":[],"failureMessages":[],"fullName":"rejects invalid analytics query: from=2026-99-99","invocations":1,"location":null,"numPassingAsserts":1,"retryReasons":[],"status":"passed","title":"rejects invalid analytics query: from=2026-99-99"},{"ancestorTitles":[],"duration":25,"failureDetails":[],"failureMessages":[],"fullName":"rejects invalid analytics query: to=not-a-date","invocations":1,"location":null,"numPassingAsserts":1,"retryReasons":[],"status":"passed","title":"rejects invalid analytics query: to=not-a-date"},{"ancestorTitles":[],"duration":19,"failureDetails":[],"failureMessages":[],"fullName":"rejects invalid analytics query: from=2026-09-12&to=2026-09-01","invocations":1,"location":null,"numPassingAsserts":1,"retryReasons":[],"status":"passed","title":"rejects invalid analytics query: from=2026-09-12&to=2026-09-01"},{"ancestorTitles":[],"duration":16,"failureDetails":[],"failureMessages":[],"fullName":"rejects invalid analytics query: granularity=year","invocations":1,"location":null,"numPassingAsserts":1,"retryReasons":[],"status":"passed","title":"rejects invalid analytics query: granularity=year"},{"ancestorTitles":[],"duration":17,"failureDetails":[],"failureMessages":[],"fullName":"admins receive database-backed summaries, trends, breakdowns, and currency-separated financial data","invocations":1,"location":null,"numPassingAsserts":11,"retryReasons":[],"status":"passed","title":"admins receive database-backed summaries, trends, breakdowns, and currency-separated financial data"},{"ancestorTitles":[],"duration":28,"failureDetails":[],"failureMessages":[],"fullName":"uses distinct funded, released, and platform-fee escrow semantics","invocations":1,"location":null,"numPassingAsserts":5,"retryReasons":[],"status":"passed","title":"uses distinct funded, released, and platform-fee escrow semantics"},{"ancestorTitles":[],"duration":28,"failureDetails":[],"failureMessages":[],"fullName":"keeps the requested UTC date boundaries in the response","invocations":1,"location":null,"numPassingAsserts":2,"retryReasons":[],"status":"passed","title":"keeps the requested UTC date boundaries in the response"},{"ancestorTitles":[],"duration":19,"failureDetails":[],"failureMessages":[],"fullName":"trend SQL uses explicit UTC casts and reporting-range bucket clamping","invocations":1,"location":null,"numPassingAsserts":6,"retryReasons":[],"status":"passed","title":"trend SQL uses explicit UTC casts and reporting-range bucket clamping"},{"ancestorTitles":[],"duration":15,"failureDetails":[],"failureMessages":[],"fullName":"default date range is provided and empty aggregates remain valid","invocations":1,"location":null,"numPassingAsserts":4,"retryReasons":[],"status":"passed","title":"default date range is provided and empty aggregates remain valid"}],"endTime":1789413383246,"message":"","name":"C:\\Users\\HP\\Downloads\\JOb portals\\Job-portal-backend\\tests\\admin.analytics.test.js","startTime":1789413380648,"status":"passed","summary":""},{"assertionResults":[{"ancestorTitles":[],"duration":78,"failureDetails":[],"failureMessages":[],"fullName":"requires authentication and ADMIN authorization","invocations":1,"location":null,"numPassingAsserts":3,"retryReasons":[],"status":"passed","title":"requires authentication and ADMIN authorization"},{"ancestorTitles":[],"duration":32,"failureDetails":[],"failureMessages":[],"fullName":"returns safe payment records with cursor pagination and related context","invocations":1,"location":null,"numPassingAsserts":9,"retryReasons":[],"status":"passed","title":"returns safe payment records with cursor pagination and related context"},{"ancestorTitles":[],"duration":17,"failureDetails":[],"failureMessages":[],"fullName":"supports cursor pagination and empty results","invocations":1,"location":null,"numPassingAsserts":3,"retryReasons":[],"status":"passed","title":"supports cursor pagination and empty results"},{"ancestorTitles":[],"duration":18,"failureDetails":[],"failureMessages":[],"fullName":"rejects invalid payment query: limit=0","invocations":1,"location":null,"numPassingAsserts":2,"retryReasons":[],"status":"passed","title":"rejects invalid payment query: limit=0"},{"ancestorTitles":[],"duration":15,"failureDetails":[],"failureMessages":[],"fullName":"rejects invalid payment query: limit=51","invocations":1,"location":null,"numPassingAsserts":2,"retryReasons":[],"status":"passed","title":"rejects invalid payment query: limit=51"},{"ancestorTitles":[],"duration":23,"failureDetails":[],"failureMessages":[],"fullName":"rejects invalid payment query: status=UNKNOWN","invocations":1,"location":null,"numPassingAsserts":2,"retryReasons":[],"status":"passed","title":"rejects invalid payment query: status=UNKNOWN"},{"ancestorTitles":[],"duration":17,"failureDetails":[],"failureMessages":[],"fullName":"rejects invalid payment query: paymentType=UNKNOWN","invocations":1,"location":null,"numPassingAsserts":2,"retryReasons":[],"status":"passed","title":"rejects invalid payment query: paymentType=UNKNOWN"},{"ancestorTitles":[],"duration":12,"failureDetails":[],"failureMessages":[],"fullName":"rejects invalid payment query: currency=NA","invocations":1,"location":null,"numPassingAsserts":2,"retryReasons":[],"status":"passed","title":"rejects invalid payment query: currency=NA"},{"ancestorTitles":[],"duration":19,"failureDetails":[],"failureMessages":[],"fullName":"rejects invalid payment query: from=2026-09-12&to=2026-09-01","invocations":1,"location":null,"numPassingAsserts":2,"retryReasons":[],"status":"passed","title":"rejects invalid payment query: from=2026-09-12&to=2026-09-01"}],"endTime":1789413385750,"message":"","name":"C:\\Users\\HP\\Downloads\\JOb portals\\Job-portal-backend\\tests\\admin.payments.test.js","startTime":1789413383259,"status":"passed","summary":""},{"assertionResults":[{"ancestorTitles":[],"duration":74,"failureDetails":[],"failureMessages":[],"fullName":"protects all Admin Subscription endpoints","invocations":1,"location":null,"numPassingAsserts":4,"retryReasons":[],"status":"passed","title":"protects all Admin Subscription endpoints"},{"ancestorTitles":[],"duration":66,"failureDetails":[],"failureMessages":[],"fullName":"admin can list and create plans with known entitlements","invocations":1,"location":null,"numPassingAsserts":4,"retryReasons":[],"status":"passed","title":"admin can list and create plans with known entitlements"},{"ancestorTitles":[],"duration":15,"failureDetails":[],"failureMessages":[],"fullName":"summary uses real counts and successful subscription payments by currency","invocations":1,"location":null,"numPassingAsserts":4,"retryReasons":[],"status":"passed","title":"summary uses real counts and successful subscription payments by currency"},{"ancestorTitles":[],"duration":18,"failureDetails":[],"failureMessages":[],"fullName":"subscriber list returns latest payment safely and supports filters/cursor","invocations":1,"location":null,"numPassingAsserts":5,"retryReasons":[],"status":"passed","title":"subscriber list returns latest payment safely and supports filters/cursor"},{"ancestorTitles":[],"duration":19,"failureDetails":[],"failureMessages":[],"fullName":"details return payments and lifecycle events without sensitive payment fields","invocations":1,"location":null,"numPassingAsserts":5,"retryReasons":[],"status":"passed","title":"details return payments and lifecycle events without sensitive payment fields"}],"endTime":1789413388179,"message":"","name":"C:\\Users\\HP\\Downloads\\JOb portals\\Job-portal-backend\\tests\\admin.subscriptions.test.js","startTime":1789413385796,"status":"passed","summary":""},{"assertionResults":[{"ancestorTitles":[],"duration":50,"failureDetails":[],"failureMessages":[],"fullName":"unauthenticated user cannot start a subscription purchase","invocations":1,"location":null,"numPassingAsserts":1,"retryReasons":[],"status":"passed","title":"unauthenticated user cannot start a subscription purchase"},{"ancestorTitles":[],"duration":48,"failureDetails":[],"failureMessages":[],"fullName":"non-seeker cannot start a subscription purchase","invocations":1,"location":null,"numPassingAsserts":1,"retryReasons":[],"status":"passed","title":"non-seeker cannot start a subscription purchase"},{"ancestorTitles":[],"duration":50,"failureDetails":[],"failureMessages":[],"fullName":"unknown plan is rejected before payment initialization","invocations":1,"location":null,"numPassingAsserts":2,"retryReasons":[],"status":"passed","title":"unknown plan is rejected before payment initialization"},{"ancestorTitles":[],"duration":17,"failureDetails":[],"failureMessages":[],"fullName":"backend uses database plan price instead of frontend amount","invocations":1,"location":null,"numPassingAsserts":3,"retryReasons":[],"status":"passed","title":"backend uses database plan price instead of frontend amount"},{"ancestorTitles":[],"duration":22,"failureDetails":[],"failureMessages":[],"fullName":"successful payment verification activates subscription and records event","invocations":1,"location":null,"numPassingAsserts":4,"retryReasons":[],"status":"passed","title":"successful payment verification activates subscription and records event"},{"ancestorTitles":[],"duration":34,"failureDetails":[],"failureMessages":[],"fullName":"duplicate verification is idempotent and does not create a second activation","invocations":1,"location":null,"numPassingAsserts":3,"retryReasons":[],"status":"passed","title":"duplicate verification is idempotent and does not create a second activation"}],"endTime":1789413390661,"message":"","name":"C:\\Users\\HP\\Downloads\\JOb portals\\Job-portal-backend\\tests\\seeker.subscription.checkout.test.js","startTime":1789413388191,"status":"passed","summary":""},{"assertionResults":[{"ancestorTitles":["GET /api/seeker/jobs"],"duration":60,"failureDetails":[],"failureMessages":[],"fullName":"GET /api/seeker/jobs lists approved jobs for an authenticated seeker with safe fields","invocations":1,"location":null,"numPassingAsserts":6,"retryReasons":[],"status":"passed","title":"lists approved jobs for an authenticated seeker with safe fields"},{"ancestorTitles":["GET /api/seeker/jobs"],"duration":37,"failureDetails":[],"failureMessages":[],"fullName":"GET /api/seeker/jobs supports SQL-side search, location, job type, and skills filters","invocations":1,"location":null,"numPassingAsserts":4,"retryReasons":[],"status":"passed","title":"supports SQL-side search, location, job type, and skills filters"},{"ancestorTitles":["GET /api/seeker/jobs"],"duration":16,"failureDetails":[],"failureMessages":[],"fullName":"GET /api/seeker/jobs uses deterministic cursor pagination","invocations":1,"location":null,"numPassingAsserts":3,"retryReasons":[],"status":"passed","title":"uses deterministic cursor pagination"},{"ancestorTitles":["GET /api/seeker/jobs"],"duration":33,"failureDetails":[],"failureMessages":[],"fullName":"GET /api/seeker/jobs rejects EMPLOYER role","invocations":1,"location":null,"numPassingAsserts":2,"retryReasons":[],"status":"passed","title":"rejects EMPLOYER role"},{"ancestorTitles":["GET /api/seeker/jobs"],"duration":16,"failureDetails":[],"failureMessages":[],"fullName":"GET /api/seeker/jobs rejects ADMIN role","invocations":1,"location":null,"numPassingAsserts":2,"retryReasons":[],"status":"passed","title":"rejects ADMIN role"},{"ancestorTitles":["GET /api/seeker/jobs"],"duration":30,"failureDetails":[],"failureMessages":[],"fullName":"GET /api/seeker/jobs rejects unauthenticated and malformed queries","invocations":1,"location":null,"numPassingAsserts":3,"retryReasons":[],"status":"passed","title":"rejects unauthenticated and malformed queries"}],"endTime":1789413393179,"message":"","name":"C:\\Users\\HP\\Downloads\\JOb portals\\Job-portal-backend\\tests\\seeker.jobs-list.test.js","startTime":1789413390693,"status":"passed","summary":""},{"assertionResults":[{"ancestorTitles":["Employer authentication and authorization"],"duration":787,"failureDetails":[],"failureMessages":[],"fullName":"Employer authentication and authorization valid SEEKER login returns role SEEKER","invocations":1,"location":null,"numPassingAsserts":2,"retryReasons":[],"status":"passed","title":"valid SEEKER login returns role SEEKER"},{"ancestorTitles":["Employer authentication and authorization"],"duration":765,"failureDetails":[],"failureMessages":[],"fullName":"Employer authentication and authorization valid EMPLOYER login returns role EMPLOYER","invocations":1,"location":null,"numPassingAsserts":2,"retryReasons":[],"status":"passed","title":"valid EMPLOYER login returns role EMPLOYER"},{"ancestorTitles":["Employer authentication and authorization"],"duration":9,"failureDetails":[],"failureMessages":[],"fullName":"Employer authentication and authorization invalid credentials fail","invocations":1,"location":null,"numPassingAsserts":1,"retryReasons":[],"status":"passed","title":"invalid credentials fail"},{"ancestorTitles":["Employer authentication and authorization"],"duration":31,"failureDetails":[],"failureMessages":[],"fullName":"Employer authentication and authorization SEEKER token is rejected from the Employer endpoint","invocations":1,"location":null,"numPassingAsserts":2,"retryReasons":[],"status":"passed","title":"SEEKER token is rejected from the Employer endpoint"},{"ancestorTitles":["Employer authentication and authorization"],"duration":18,"failureDetails":[],"failureMessages":[],"fullName":"Employer authentication and authorization EMPLOYER token is allowed on the Employer endpoint","invocations":1,"location":null,"numPassingAsserts":2,"retryReasons":[],"status":"passed","title":"EMPLOYER token is allowed on the Employer endpoint"},{"ancestorTitles":["Employer authentication and authorization"],"duration":15,"failureDetails":[],"failureMessages":[],"fullName":"Employer authentication and authorization client-supplied userId cannot override the authenticated identity","invocations":1,"location":null,"numPassingAsserts":3,"retryReasons":[],"status":"passed","title":"client-supplied userId cannot override the authenticated identity"},{"ancestorTitles":["Employer authentication and authorization"],"duration":16,"failureDetails":[],"failureMessages":[],"fullName":"Employer authentication and authorization client-supplied role cannot elevate a SEEKER to Employer access","invocations":1,"location":null,"numPassingAsserts":2,"retryReasons":[],"status":"passed","title":"client-supplied role cannot elevate a SEEKER to Employer access"},{"ancestorTitles":["Employer authentication and authorization"],"duration":12,"failureDetails":[],"failureMessages":[],"fullName":"Employer authentication and authorization unauthenticated requests are rejected on the Employer endpoint","invocations":1,"location":null,"numPassingAsserts":2,"retryReasons":[],"status":"passed","title":"unauthenticated requests are rejected on the Employer endpoint"},{"ancestorTitles":["Employer authentication and authorization"],"duration":15,"failureDetails":[],"failureMessages":[],"fullName":"Employer authentication and authorization ADMIN token is rejected from the Employer endpoint","invocations":1,"location":null,"numPassingAsserts":2,"retryReasons":[],"status":"passed","title":"ADMIN token is rejected from the Employer endpoint"},{"ancestorTitles":["Employer authentication and authorization"],"duration":17,"failureDetails":[],"failureMessages":[],"fullName":"Employer authentication and authorization EMPLOYER token is rejected from the Seeker endpoint","invocations":1,"location":null,"numPassingAsserts":2,"retryReasons":[],"status":"passed","title":"EMPLOYER token is rejected from the Seeker endpoint"},{"ancestorTitles":["Employer authentication and authorization"],"duration":47,"failureDetails":[],"failureMessages":[],"fullName":"Employer authentication and authorization public registration rejects ADMIN as a role","invocations":1,"location":null,"numPassingAsserts":2,"retryReasons":[],"status":"passed","title":"public registration rejects ADMIN as a role"},{"ancestorTitles":["Employer authentication and authorization"],"duration":31,"failureDetails":[],"failureMessages":[],"fullName":"Employer authentication and authorization expired or modified JWTs are rejected","invocations":1,"location":null,"numPassingAsserts":2,"retryReasons":[],"status":"passed","title":"expired or modified JWTs are rejected"}],"endTime":1789413397623,"message":"","name":"C:\\Users\\HP\\Downloads\\JOb portals\\Job-portal-backend\\tests\\employer.auth.test.js","startTime":1789413393190,"status":"passed","summary":""},{"assertionResults":[{"ancestorTitles":["seeker job and application endpoints"],"duration":50,"failureDetails":[],"failureMessages":[],"fullName":"seeker job and application endpoints allows an authenticated seeker to retrieve an approved job with application state","invocations":1,"location":null,"numPassingAsserts":3,"retryReasons":[],"status":"passed","title":"allows an authenticated seeker to retrieve an approved job with application state"},{"ancestorTitles":["seeker job and application endpoints"],"duration":15,"failureDetails":[],"failureMessages":[],"fullName":"seeker job and application endpoints returns alreadyApplied true for the authenticated seeker only","invocations":1,"location":null,"numPassingAsserts":3,"retryReasons":[],"status":"passed","title":"returns alreadyApplied true for the authenticated seeker only"},{"ancestorTitles":["seeker job and application endpoints"],"duration":31,"failureDetails":[],"failureMessages":[],"fullName":"seeker job and application endpoints returns 404 when the approved job is unavailable","invocations":1,"location":null,"numPassingAsserts":2,"retryReasons":[],"status":"passed","title":"returns 404 when the approved job is unavailable"},{"ancestorTitles":["seeker job and application endpoints"],"duration":17,"failureDetails":[],"failureMessages":[],"fullName":"seeker job and application endpoints lists only the authenticated seeker applications newest first with real interview count","invocations":1,"location":null,"numPassingAsserts":5,"retryReasons":[],"status":"passed","title":"lists only the authenticated seeker applications newest first with real interview count"},{"ancestorTitles":["seeker job and application endpoints"],"duration":18,"failureDetails":[],"failureMessages":[],"fullName":"seeker job and application endpoints supports an empty application list","invocations":1,"location":null,"numPassingAsserts":2,"retryReasons":[],"status":"passed","title":"supports an empty application list"},{"ancestorTitles":["seeker job and application endpoints"],"duration":42,"failureDetails":[],"failureMessages":[],"fullName":"seeker job and application endpoints creates an application using the JWT seeker and safe request fields","invocations":1,"location":null,"numPassingAsserts":2,"retryReasons":[],"status":"passed","title":"creates an application using the JWT seeker and safe request fields"},{"ancestorTitles":["seeker job and application endpoints"],"duration":36,"failureDetails":[],"failureMessages":[],"fullName":"seeker job and application endpoints creates a valid application using the authenticated seeker profile CV snapshot and ignores client-controlled ownership fields","invocations":1,"location":null,"numPassingAsserts":3,"retryReasons":[],"status":"passed","title":"creates a valid application using the authenticated seeker profile CV snapshot and ignores client-controlled ownership fields"},{"ancestorTitles":["seeker job and application endpoints"],"duration":18,"failureDetails":[],"failureMessages":[],"fullName":"seeker job and application endpoints uses the updated profile CV snapshot for a new application after a CV replacement","invocations":1,"location":null,"numPassingAsserts":2,"retryReasons":[],"status":"passed","title":"uses the updated profile CV snapshot for a new application after a CV replacement"},{"ancestorTitles":["seeker job and application endpoints"],"duration":47,"failureDetails":[],"failureMessages":[],"fullName":"seeker job and application endpoints uses the authenticated seeker profile uploaded CV and rejects client-supplied mismatched uploaded CV ownership","invocations":1,"location":null,"numPassingAsserts":6,"retryReasons":[],"status":"passed","title":"uses the authenticated seeker profile uploaded CV and rejects client-supplied mismatched uploaded CV ownership"},{"ancestorTitles":["seeker job and application endpoints"],"duration":16,"failureDetails":[],"failureMessages":[],"fullName":"seeker job and application endpoints allows application creation without a saved CV when using the LeamJobs CV flow","invocations":1,"location":null,"numPassingAsserts":3,"retryReasons":[],"status":"passed","title":"allows application creation without a saved CV when using the LeamJobs CV flow"},{"ancestorTitles":["seeker job and application endpoints"],"duration":15,"failureDetails":[],"failureMessages":[],"fullName":"seeker job and application endpoints creates an immutable LeamJobs template CV snapshot from the authenticated profile","invocations":1,"location":null,"numPassingAsserts":2,"retryReasons":[],"status":"passed","title":"creates an immutable LeamJobs template CV snapshot from the authenticated profile"},{"ancestorTitles":["seeker job and application endpoints"],"duration":35,"failureDetails":[],"failureMessages":[],"fullName":"seeker job and application endpoints returns 404 for nonexistent, unapproved, or expired application jobs","invocations":1,"location":null,"numPassingAsserts":3,"retryReasons":[],"status":"passed","title":"returns 404 for nonexistent, unapproved, or expired application jobs"},{"ancestorTitles":["seeker job and application endpoints"],"duration":46,"failureDetails":[],"failureMessages":[],"fullName":"seeker job and application endpoints returns 409 for an existing or concurrent duplicate application","invocations":1,"location":null,"numPassingAsserts":4,"retryReasons":[],"status":"passed","title":"returns 409 for an existing or concurrent duplicate application"},{"ancestorTitles":["seeker job and application endpoints"],"duration":31,"failureDetails":[],"failureMessages":[],"fullName":"seeker job and application endpoints rejects invalid input and unauthorized roles","invocations":1,"location":null,"numPassingAsserts":3,"retryReasons":[],"status":"passed","title":"rejects invalid input and unauthorized roles"},{"ancestorTitles":["seeker job and application endpoints"],"duration":21,"failureDetails":[],"failureMessages":[],"fullName":"seeker job and application endpoints returns 401 without a token or with an invalid token","invocations":1,"location":null,"numPassingAsserts":2,"retryReasons":[],"status":"passed","title":"returns 401 without a token or with an invalid token"}],"endTime":1789413400262,"message":"","name":"C:\\Users\\HP\\Downloads\\JOb portals\\Job-portal-backend\\tests\\seeker.jobs-applications.test.js","startTime":1789413397639,"status":"passed","summary":""},{"assertionResults":[{"ancestorTitles":[],"duration":31,"failureDetails":[],"failureMessages":[],"fullName":"unauthenticated users cannot release contract funds","invocations":1,"location":null,"numPassingAsserts":2,"retryReasons":[],"status":"passed","title":"unauthenticated users cannot release contract funds"},{"ancestorTitles":[],"duration":400,"failureDetails":[],"failureMessages":[],"fullName":"SEEKER users cannot release contract funds","invocations":1,"location":null,"numPassingAsserts":2,"retryReasons":[],"status":"passed","title":"SEEKER users cannot release contract funds"},{"ancestorTitles":[],"duration":20,"failureDetails":[],"failureMessages":[],"fullName":"EMPLOYER users cannot release contract funds","invocations":1,"location":null,"numPassingAsserts":2,"retryReasons":[],"status":"passed","title":"EMPLOYER users cannot release contract funds"},{"ancestorTitles":[],"duration":94,"failureDetails":[],"failureMessages":[],"fullName":"admin release credits seeker NET amount and records one wallet ledger entry","invocations":1,"location":null,"numPassingAsserts":7,"retryReasons":[],"status":"passed","title":"admin release credits seeker NET amount and records one wallet ledger entry"},{"ancestorTitles":[],"duration":22,"failureDetails":[],"failureMessages":[],"fullName":"repeated release is idempotent and does not credit again","invocations":1,"location":null,"numPassingAsserts":5,"retryReasons":[],"status":"passed","title":"repeated release is idempotent and does not credit again"},{"ancestorTitles":[],"duration":21,"failureDetails":[],"failureMessages":[],"fullName":"release rejects an escrow that is not release eligible","invocations":1,"location":null,"numPassingAsserts":3,"retryReasons":[],"status":"passed","title":"release rejects an escrow that is not release eligible"},{"ancestorTitles":[],"duration":19,"failureDetails":[],"failureMessages":[],"fullName":"release requires a seeker wallet and never creates one implicitly","invocations":1,"location":null,"numPassingAsserts":3,"retryReasons":[],"status":"passed","title":"release requires a seeker wallet and never creates one implicitly"}],"endTime":1789413403165,"message":"","name":"C:\\Users\\HP\\Downloads\\JOb portals\\Job-portal-backend\\tests\\admin.release.test.js","startTime":1789413400339,"status":"passed","summary":""},{"assertionResults":[{"ancestorTitles":["Phase 1 freelance contract acceptance"],"duration":82,"failureDetails":[],"failureMessages":[],"fullName":"Phase 1 freelance contract acceptance acceptance creates a pending contract with Decimal fee snapshots and no escrow","invocations":1,"location":null,"numPassingAsserts":3,"retryReasons":[],"status":"passed","title":"acceptance creates a pending contract with Decimal fee snapshots and no escrow"},{"ancestorTitles":["Phase 1 freelance contract acceptance"],"duration":18,"failureDetails":[],"failureMessages":[],"fullName":"Phase 1 freelance contract acceptance non-freelance status updates retain the existing path","invocations":1,"location":null,"numPassingAsserts":3,"retryReasons":[],"status":"passed","title":"non-freelance status updates retain the existing path"},{"ancestorTitles":["Phase 1 freelance contract acceptance"],"duration":18,"failureDetails":[],"failureMessages":[],"fullName":"Phase 1 freelance contract acceptance repeated freelance acceptance reuses the existing application contract","invocations":1,"location":null,"numPassingAsserts":2,"retryReasons":[],"status":"passed","title":"repeated freelance acceptance reuses the existing application contract"},{"ancestorTitles":["Phase 1 contract confirmation"],"duration":19,"failureDetails":[],"failureMessages":[],"fullName":"Phase 1 contract confirmation employer confirmation is role-scoped and remains pending alone","invocations":1,"location":null,"numPassingAsserts":4,"retryReasons":[],"status":"passed","title":"employer confirmation is role-scoped and remains pending alone"},{"ancestorTitles":["Phase 1 contract confirmation"],"duration":41,"failureDetails":[],"failureMessages":[],"fullName":"Phase 1 contract confirmation wrong employer cannot confirm the contract","invocations":1,"location":null,"numPassingAsserts":2,"retryReasons":[],"status":"passed","title":"wrong employer cannot confirm the contract"},{"ancestorTitles":["Phase 1 contract confirmation"],"duration":17,"failureDetails":[],"failureMessages":[],"fullName":"Phase 1 contract confirmation wrong seeker cannot confirm the contract","invocations":1,"location":null,"numPassingAsserts":2,"retryReasons":[],"status":"passed","title":"wrong seeker cannot confirm the contract"},{"ancestorTitles":["Phase 1 contract confirmation"],"duration":20,"failureDetails":[],"failureMessages":[],"fullName":"Phase 1 contract confirmation seeker confirmation activates once employer already confirmed and creates one unfunded escrow","invocations":1,"location":null,"numPassingAsserts":4,"retryReasons":[],"status":"passed","title":"seeker confirmation activates once employer already confirmed and creates one unfunded escrow"},{"ancestorTitles":["Phase 1 contract confirmation"],"duration":20,"failureDetails":[],"failureMessages":[],"fullName":"Phase 1 contract confirmation repeated confirmation on an active contract is idempotent","invocations":1,"location":null,"numPassingAsserts":4,"retryReasons":[],"status":"passed","title":"repeated confirmation on an active contract is idempotent"},{"ancestorTitles":["Phase 1 contract confirmation"],"duration":24,"failureDetails":[],"failureMessages":[],"fullName":"Phase 1 contract confirmation legacy contracts without fee snapshots cannot be partially confirmed","invocations":1,"location":null,"numPassingAsserts":3,"retryReasons":[],"status":"passed","title":"legacy contracts without fee snapshots cannot be partially confirmed"},{"ancestorTitles":["Phase 1 financial safety"],"duration":15,"failureDetails":[],"failureMessages":[],"fullName":"Phase 1 financial safety confirmation transaction does not touch wallet, payment, withdrawal, or ledger models","invocations":1,"location":null,"numPassingAsserts":4,"retryReasons":[],"status":"passed","title":"confirmation transaction does not touch wallet, payment, withdrawal, or ledger models"}],"endTime":1789413405975,"message":"","name":"C:\\Users\\HP\\Downloads\\JOb portals\\Job-portal-backend\\tests\\contracts.phase1.test.js","startTime":1789413403186,"status":"passed","summary":""},{"assertionResults":[{"ancestorTitles":["Admin job creation and editing"],"duration":39,"failureDetails":[],"failureMessages":[],"fullName":"Admin job creation and editing rejects unauthenticated POST /api/admin/jobs","invocations":1,"location":null,"numPassingAsserts":1,"retryReasons":[],"status":"passed","title":"rejects unauthenticated POST /api/admin/jobs"},{"ancestorTitles":["Admin job creation and editing"],"duration":27,"failureDetails":[],"failureMessages":[],"fullName":"Admin job creation and editing rejects non-admin POST /api/admin/jobs","invocations":1,"location":null,"numPassingAsserts":1,"retryReasons":[],"status":"passed","title":"rejects non-admin POST /api/admin/jobs"},{"ancestorTitles":["Admin job creation and editing"],"duration":55,"failureDetails":[],"failureMessages":[],"fullName":"Admin job creation and editing rejects an invalid employer assignment when creating an admin job","invocations":1,"location":null,"numPassingAsserts":2,"retryReasons":[],"status":"passed","title":"rejects an invalid employer assignment when creating an admin job"},{"ancestorTitles":["Admin job creation and editing"],"duration":22,"failureDetails":[],"failureMessages":[],"fullName":"Admin job creation and editing creates an approved admin-owned job for a valid employer","invocations":1,"location":null,"numPassingAsserts":6,"retryReasons":[],"status":"passed","title":"creates an approved admin-owned job for a valid employer"},{"ancestorTitles":["Admin job creation and editing"],"duration":19,"failureDetails":[],"failureMessages":[],"fullName":"Admin job creation and editing creates a canonical LeamJobs employer identity when the admin posts as LeamJobs","invocations":1,"location":null,"numPassingAsserts":4,"retryReasons":[],"status":"passed","title":"creates a canonical LeamJobs employer identity when the admin posts as LeamJobs"},{"ancestorTitles":["Admin job creation and editing"],"duration":2,"failureDetails":[],"failureMessages":[],"fullName":"Admin job creation and editing reuses the canonical LeamJobs employer identity without creating duplicates","invocations":1,"location":null,"numPassingAsserts":3,"retryReasons":[],"status":"passed","title":"reuses the canonical LeamJobs employer identity without creating duplicates"},{"ancestorTitles":["Admin job creation and editing"],"duration":383,"failureDetails":[],"failureMessages":[],"fullName":"Admin job creation and editing recovers cleanly when a concurrent create hits the unique email constraint","invocations":1,"location":null,"numPassingAsserts":3,"retryReasons":[],"status":"passed","title":"recovers cleanly when a concurrent create hits the unique email constraint"},{"ancestorTitles":["Admin job creation and editing"],"duration":17,"failureDetails":[],"failureMessages":[],"fullName":"Admin job creation and editing updates an approved admin job without creating a duplicate row","invocations":1,"location":null,"numPassingAsserts":4,"retryReasons":[],"status":"passed","title":"updates an approved admin job without creating a duplicate row"},{"ancestorTitles":["Admin job approval routes"],"duration":14,"failureDetails":[],"failureMessages":[],"fullName":"Admin job approval routes requires ADMIN role for admin job endpoints","invocations":1,"location":null,"numPassingAsserts":1,"retryReasons":[],"status":"passed","title":"requires ADMIN role for admin job endpoints"},{"ancestorTitles":["Admin job approval routes"],"duration":16,"failureDetails":[],"failureMessages":[],"fullName":"Admin job approval routes lists pending jobs for admins","invocations":1,"location":null,"numPassingAsserts":3,"retryReasons":[],"status":"passed","title":"lists pending jobs for admins"},{"ancestorTitles":["Admin job approval routes"],"duration":14,"failureDetails":[],"failureMessages":[],"fullName":"Admin job approval routes rejects an approval decision without a rejection reason when status is REJECTED","invocations":1,"location":null,"numPassingAsserts":2,"retryReasons":[],"status":"passed","title":"rejects an approval decision without a rejection reason when status is REJECTED"},{"ancestorTitles":["Admin job approval routes"],"duration":24,"failureDetails":[],"failureMessages":[],"fullName":"Admin job approval routes approves a pending job and records the admin reviewer metadata","invocations":1,"location":null,"numPassingAsserts":3,"retryReasons":[],"status":"passed","title":"approves a pending job and records the admin reviewer metadata"},{"ancestorTitles":["Admin job approval routes"],"duration":15,"failureDetails":[],"failureMessages":[],"fullName":"Admin job approval routes blocks approving an already approved job","invocations":1,"location":null,"numPassingAsserts":3,"retryReasons":[],"status":"passed","title":"blocks approving an already approved job"},{"ancestorTitles":["Admin job approval routes"],"duration":17,"failureDetails":[],"failureMessages":[],"fullName":"Admin job approval routes blocks rejecting an already approved job","invocations":1,"location":null,"numPassingAsserts":3,"retryReasons":[],"status":"passed","title":"blocks rejecting an already approved job"},{"ancestorTitles":["Admin job approval routes"],"duration":18,"failureDetails":[],"failureMessages":[],"fullName":"Admin job approval routes blocks approving a rejected job","invocations":1,"location":null,"numPassingAsserts":3,"retryReasons":[],"status":"passed","title":"blocks approving a rejected job"},{"ancestorTitles":["Admin job approval routes"],"duration":19,"failureDetails":[],"failureMessages":[],"fullName":"Admin job approval routes blocks approving a closed job","invocations":1,"location":null,"numPassingAsserts":3,"retryReasons":[],"status":"passed","title":"blocks approving a closed job"},{"ancestorTitles":["Admin job approval routes"],"duration":13,"failureDetails":[],"failureMessages":[],"fullName":"Admin job approval routes blocks rejecting a closed job","invocations":1,"location":null,"numPassingAsserts":3,"retryReasons":[],"status":"passed","title":"blocks rejecting a closed job"}],"endTime":1789413409011,"message":"","name":"C:\\Users\\HP\\Downloads\\JOb portals\\Job-portal-backend\\tests\\admin.jobs.test.js","startTime":1789413406010,"status":"passed","summary":""},{"assertionResults":[{"ancestorTitles":[],"duration":28,"failureDetails":[],"failureMessages":[],"fullName":"unauthenticated requests are rejected","invocations":1,"location":null,"numPassingAsserts":2,"retryReasons":[],"status":"passed","title":"unauthenticated requests are rejected"},{"ancestorTitles":[],"duration":21,"failureDetails":[],"failureMessages":[],"fullName":"SEEKER users cannot access admin seekers","invocations":1,"location":null,"numPassingAsserts":3,"retryReasons":[],"status":"passed","title":"SEEKER users cannot access admin seekers"},{"ancestorTitles":[],"duration":14,"failureDetails":[],"failureMessages":[],"fullName":"EMPLOYER users cannot access admin seekers","invocations":1,"location":null,"numPassingAsserts":3,"retryReasons":[],"status":"passed","title":"EMPLOYER users cannot access admin seekers"},{"ancestorTitles":[],"duration":41,"failureDetails":[],"failureMessages":[],"fullName":"admins receive seeker data with real counts and safe profile fields","invocations":1,"location":null,"numPassingAsserts":6,"retryReasons":[],"status":"passed","title":"admins receive seeker data with real counts and safe profile fields"},{"ancestorTitles":[],"duration":22,"failureDetails":[],"failureMessages":[],"fullName":"pagination and application-count sorting are passed safely to Prisma","invocations":1,"location":null,"numPassingAsserts":2,"retryReasons":[],"status":"passed","title":"pagination and application-count sorting are passed safely to Prisma"},{"ancestorTitles":[],"duration":19,"failureDetails":[],"failureMessages":[],"fullName":"name and email search use User fields","invocations":1,"location":null,"numPassingAsserts":2,"retryReasons":[],"status":"passed","title":"name and email search use User fields"},{"ancestorTitles":[],"duration":17,"failureDetails":[],"failureMessages":[],"fullName":"status, verification, and location filters use real fields","invocations":1,"location":null,"numPassingAsserts":2,"retryReasons":[],"status":"passed","title":"status, verification, and location filters use real fields"},{"ancestorTitles":[],"duration":21,"failureDetails":[],"failureMessages":[],"fullName":"invalid sort fields are rejected","invocations":1,"location":null,"numPassingAsserts":2,"retryReasons":[],"status":"passed","title":"invalid sort fields are rejected"},{"ancestorTitles":[],"duration":16,"failureDetails":[],"failureMessages":[],"fullName":"seekers with zero applications remain included","invocations":1,"location":null,"numPassingAsserts":3,"retryReasons":[],"status":"passed","title":"seekers with zero applications remain included"},{"ancestorTitles":[],"duration":15,"failureDetails":[],"failureMessages":[],"fullName":"empty results return an empty page","invocations":1,"location":null,"numPassingAsserts":3,"retryReasons":[],"status":"passed","title":"empty results return an empty page"}],"endTime":1789413411551,"message":"","name":"C:\\Users\\HP\\Downloads\\JOb portals\\Job-portal-backend\\tests\\admin.seekers.test.js","startTime":1789413409058,"status":"passed","summary":""},{"assertionResults":[{"ancestorTitles":["Employer Jobs authentication and ownership"],"duration":141,"failureDetails":[],"failureMessages":[],"fullName":"Employer Jobs authentication and ownership unauthenticated requests are rejected","invocations":1,"location":null,"numPassingAsserts":5,"retryReasons":[],"status":"passed","title":"unauthenticated requests are rejected"},{"ancestorTitles":["Employer Jobs authentication and ownership"],"duration":20,"failureDetails":[],"failureMessages":[],"fullName":"Employer Jobs authentication and ownership SEEKER cannot access Employer Jobs","invocations":1,"location":null,"numPassingAsserts":1,"retryReasons":[],"status":"passed","title":"SEEKER cannot access Employer Jobs"},{"ancestorTitles":["Employer Jobs authentication and ownership"],"duration":15,"failureDetails":[],"failureMessages":[],"fullName":"Employer Jobs authentication and ownership ADMIN cannot access Employer Jobs","invocations":1,"location":null,"numPassingAsserts":1,"retryReasons":[],"status":"passed","title":"ADMIN cannot access Employer Jobs"},{"ancestorTitles":["Employer Jobs authentication and ownership"],"duration":20,"failureDetails":[],"failureMessages":[],"fullName":"Employer Jobs authentication and ownership Employer A lists only Employer A jobs despite query identity values","invocations":1,"location":null,"numPassingAsserts":4,"retryReasons":[],"status":"passed","title":"Employer A lists only Employer A jobs despite query identity values"},{"ancestorTitles":["Employer Jobs authentication and ownership"],"duration":20,"failureDetails":[],"failureMessages":[],"fullName":"Employer Jobs authentication and ownership preserves legacy object-shaped requirements in the Employer API","invocations":1,"location":null,"numPassingAsserts":2,"retryReasons":[],"status":"passed","title":"preserves legacy object-shaped requirements in the Employer API"},{"ancestorTitles":["Employer Jobs authentication and ownership"],"duration":30,"failureDetails":[],"failureMessages":[],"fullName":"Employer Jobs authentication and ownership Employer A cannot view Employer B job","invocations":1,"location":null,"numPassingAsserts":2,"retryReasons":[],"status":"passed","title":"Employer A cannot view Employer B job"},{"ancestorTitles":["Employer Jobs authentication and ownership"],"duration":41,"failureDetails":[],"failureMessages":[],"fullName":"Employer Jobs authentication and ownership Employer A cannot update or close Employer B job","invocations":1,"location":null,"numPassingAsserts":3,"retryReasons":[],"status":"passed","title":"Employer A cannot update or close Employer B job"},{"ancestorTitles":["Employer Jobs creation and compensation"],"duration":15,"failureDetails":[],"failureMessages":[],"fullName":"Employer Jobs creation and compensation creates a PENDING monthly job for the authenticated employer only","invocations":1,"location":null,"numPassingAsserts":3,"retryReasons":[],"status":"passed","title":"creates a PENDING monthly job for the authenticated employer only"},{"ancestorTitles":["Employer Jobs creation and compensation"],"duration":20,"failureDetails":[],"failureMessages":[],"fullName":"Employer Jobs creation and compensation rejects client-provided identity fields instead of trusting them","invocations":1,"location":null,"numPassingAsserts":2,"retryReasons":[],"status":"passed","title":"rejects client-provided identity fields instead of trusting them"},{"ancestorTitles":["Employer Jobs creation and compensation"],"duration":19,"failureDetails":[],"failureMessages":[],"fullName":"Employer Jobs creation and compensation persists contract compensation and duration","invocations":1,"location":null,"numPassingAsserts":3,"retryReasons":[],"status":"passed","title":"persists contract compensation and duration"},{"ancestorTitles":["Employer Jobs creation and compensation"],"duration":22,"failureDetails":[],"failureMessages":[],"fullName":"Employer Jobs creation and compensation returns an empty benefits list when benefits are omitted","invocations":1,"location":null,"numPassingAsserts":2,"retryReasons":[],"status":"passed","title":"returns an empty benefits list when benefits are omitted"},{"ancestorTitles":["Employer Jobs creation and compensation"],"duration":13,"failureDetails":[],"failureMessages":[],"fullName":"Employer Jobs creation and compensation persists freelance compensation","invocations":1,"location":null,"numPassingAsserts":2,"retryReasons":[],"status":"passed","title":"persists freelance compensation"},{"ancestorTitles":["Employer Jobs creation and compensation"],"duration":15,"failureDetails":[],"failureMessages":[],"fullName":"Employer Jobs creation and compensation rejects invalid compensation combinations and approved status input","invocations":1,"location":null,"numPassingAsserts":2,"retryReasons":[],"status":"passed","title":"rejects invalid compensation combinations and approved status input"},{"ancestorTitles":["Employer Jobs creation and compensation"],"duration":11,"failureDetails":[],"failureMessages":[],"fullName":"Employer Jobs creation and compensation rejects irrelevant compensation for MONTHLY jobs","invocations":1,"location":null,"numPassingAsserts":2,"retryReasons":[],"status":"passed","title":"rejects irrelevant compensation for MONTHLY jobs"},{"ancestorTitles":["Employer Jobs creation and compensation"],"duration":21,"failureDetails":[],"failureMessages":[],"fullName":"Employer Jobs creation and compensation rejects irrelevant compensation for MONTHLY jobs","invocations":1,"location":null,"numPassingAsserts":2,"retryReasons":[],"status":"passed","title":"rejects irrelevant compensation for MONTHLY jobs"},{"ancestorTitles":["Employer Jobs creation and compensation"],"duration":15,"failureDetails":[],"failureMessages":[],"fullName":"Employer Jobs creation and compensation rejects irrelevant compensation for CONTRACT jobs","invocations":1,"location":null,"numPassingAsserts":2,"retryReasons":[],"status":"passed","title":"rejects irrelevant compensation for CONTRACT jobs"},{"ancestorTitles":["Employer Jobs creation and compensation"],"duration":11,"failureDetails":[],"failureMessages":[],"fullName":"Employer Jobs creation and compensation rejects irrelevant compensation for CONTRACT jobs","invocations":1,"location":null,"numPassingAsserts":2,"retryReasons":[],"status":"passed","title":"rejects irrelevant compensation for CONTRACT jobs"},{"ancestorTitles":["Employer Jobs creation and compensation"],"duration":13,"failureDetails":[],"failureMessages":[],"fullName":"Employer Jobs creation and compensation rejects irrelevant compensation for FREELANCE jobs","invocations":1,"location":null,"numPassingAsserts":2,"retryReasons":[],"status":"passed","title":"rejects irrelevant compensation for FREELANCE jobs"},{"ancestorTitles":["Employer Jobs creation and compensation"],"duration":13,"failureDetails":[],"failureMessages":[],"fullName":"Employer Jobs creation and compensation rejects irrelevant compensation for FREELANCE jobs","invocations":1,"location":null,"numPassingAsserts":2,"retryReasons":[],"status":"passed","title":"rejects irrelevant compensation for FREELANCE jobs"},{"ancestorTitles":["Employer Jobs creation and compensation"],"duration":19,"failureDetails":[],"failureMessages":[],"fullName":"Employer Jobs creation and compensation returns an empty list for an employer with no jobs","invocations":1,"location":null,"numPassingAsserts":2,"retryReasons":[],"status":"passed","title":"returns an empty list for an employer with no jobs"},{"ancestorTitles":["Public approved job visibility"],"duration":21,"failureDetails":[],"failureMessages":[],"fullName":"Public approved job visibility does not expose PENDING jobs publicly","invocations":1,"location":null,"numPassingAsserts":2,"retryReasons":[],"status":"passed","title":"does not expose PENDING jobs publicly"},{"ancestorTitles":["Public approved job visibility"],"duration":12,"failureDetails":[],"failureMessages":[],"fullName":"Public approved job visibility does not expose REJECTED jobs publicly","invocations":1,"location":null,"numPassingAsserts":2,"retryReasons":[],"status":"passed","title":"does not expose REJECTED jobs publicly"},{"ancestorTitles":["Public approved job visibility"],"duration":7,"failureDetails":[],"failureMessages":[],"fullName":"Public approved job visibility does not expose CLOSED jobs publicly","invocations":1,"location":null,"numPassingAsserts":2,"retryReasons":[],"status":"passed","title":"does not expose CLOSED jobs publicly"},{"ancestorTitles":["Public approved job visibility"],"duration":13,"failureDetails":[],"failureMessages":[],"fullName":"Public approved job visibility returns approved jobs without private or internal fields","invocations":1,"location":null,"numPassingAsserts":7,"retryReasons":[],"status":"passed","title":"returns approved jobs without private or internal fields"},{"ancestorTitles":["Employer Jobs editing and closing"],"duration":10,"failureDetails":[],"failureMessages":[],"fullName":"Employer Jobs editing and closing updates an owned job without allowing employerId changes","invocations":1,"location":null,"numPassingAsserts":3,"retryReasons":[],"status":"passed","title":"updates an owned job without allowing employerId changes"},{"ancestorTitles":["Employer Jobs editing and closing"],"duration":15,"failureDetails":[],"failureMessages":[],"fullName":"Employer Jobs editing and closing closes an owned job and returns CLOSED","invocations":1,"location":null,"numPassingAsserts":3,"retryReasons":[],"status":"passed","title":"closes an owned job and returns CLOSED"}],"endTime":1789413414430,"message":"","name":"C:\\Users\\HP\\Downloads\\JOb portals\\Job-portal-backend\\tests\\employer.jobs.test.js","startTime":1789413411565,"status":"passed","summary":""},{"assertionResults":[{"ancestorTitles":["seeker profile onboarding endpoints"],"duration":51,"failureDetails":[],"failureMessages":[],"fullName":"seeker profile onboarding endpoints GET /api/seeker/profile returns the authenticated seeker profile data","invocations":1,"location":null,"numPassingAsserts":5,"retryReasons":[],"status":"passed","title":"GET /api/seeker/profile returns the authenticated seeker profile data"},{"ancestorTitles":["seeker profile onboarding endpoints"],"duration":16,"failureDetails":[],"failureMessages":[],"fullName":"seeker profile onboarding endpoints GET /api/seeker/profile returns 401 without authentication","invocations":1,"location":null,"numPassingAsserts":2,"retryReasons":[],"status":"passed","title":"GET /api/seeker/profile returns 401 without authentication"},{"ancestorTitles":["seeker profile onboarding endpoints"],"duration":61,"failureDetails":[],"failureMessages":[],"fullName":"seeker profile onboarding endpoints GET /api/seeker/profile returns 403 for an EMPLOYER token","invocations":1,"location":null,"numPassingAsserts":2,"retryReasons":[],"status":"passed","title":"GET /api/seeker/profile returns 403 for an EMPLOYER token"},{"ancestorTitles":["seeker profile onboarding endpoints"],"duration":46,"failureDetails":[],"failureMessages":[],"fullName":"seeker profile onboarding endpoints PATCH /api/seeker/profile updates onboarding fields for the authenticated seeker only","invocations":1,"location":null,"numPassingAsserts":4,"retryReasons":[],"status":"passed","title":"PATCH /api/seeker/profile updates onboarding fields for the authenticated seeker only"},{"ancestorTitles":["seeker profile onboarding endpoints"],"duration":15,"failureDetails":[],"failureMessages":[],"fullName":"seeker profile onboarding endpoints PATCH /api/seeker/profile rejects unknown client-controlled fields","invocations":1,"location":null,"numPassingAsserts":2,"retryReasons":[],"status":"passed","title":"PATCH /api/seeker/profile rejects unknown client-controlled fields"},{"ancestorTitles":["seeker profile onboarding endpoints"],"duration":16,"failureDetails":[],"failureMessages":[],"fullName":"seeker profile onboarding endpoints PATCH /api/seeker/profile rejects empty or invalid onboarding values","invocations":1,"location":null,"numPassingAsserts":4,"retryReasons":[],"status":"passed","title":"PATCH /api/seeker/profile rejects empty or invalid onboarding values"},{"ancestorTitles":["seeker profile onboarding endpoints"],"duration":15,"failureDetails":[],"failureMessages":[],"fullName":"seeker profile onboarding endpoints GET /api/seeker/profile returns the neutral profile object when the seeker has no profile","invocations":1,"location":null,"numPassingAsserts":4,"retryReasons":[],"status":"passed","title":"GET /api/seeker/profile returns the neutral profile object when the seeker has no profile"},{"ancestorTitles":["seeker profile onboarding endpoints"],"duration":23,"failureDetails":[],"failureMessages":[],"fullName":"seeker profile onboarding endpoints PATCH /api/seeker/profile creates a profile when the authenticated seeker has no existing profile","invocations":1,"location":null,"numPassingAsserts":10,"retryReasons":[],"status":"passed","title":"PATCH /api/seeker/profile creates a profile when the authenticated seeker has no existing profile"},{"ancestorTitles":["seeker profile onboarding endpoints"],"duration":23,"failureDetails":[],"failureMessages":[],"fullName":"seeker profile onboarding endpoints PATCH /api/seeker/profile preserves existing non-onboarding profile fields","invocations":1,"location":null,"numPassingAsserts":12,"retryReasons":[],"status":"passed","title":"PATCH /api/seeker/profile preserves existing non-onboarding profile fields"},{"ancestorTitles":["seeker profile onboarding endpoints"],"duration":28,"failureDetails":[],"failureMessages":[],"fullName":"seeker profile onboarding endpoints PATCH /api/seeker/profile accepts fullName and splits it into firstName and lastName without storing a duplicate fullName field","invocations":1,"location":null,"numPassingAsserts":3,"retryReasons":[],"status":"passed","title":"PATCH /api/seeker/profile accepts fullName and splits it into firstName and lastName without storing a duplicate fullName field"},{"ancestorTitles":["seeker profile onboarding endpoints"],"duration":11,"failureDetails":[],"failureMessages":[],"fullName":"seeker profile onboarding endpoints PATCH /api/seeker/profile does not create duplicate seeker profiles for the same user","invocations":1,"location":null,"numPassingAsserts":3,"retryReasons":[],"status":"passed","title":"PATCH /api/seeker/profile does not create duplicate seeker profiles for the same user"},{"ancestorTitles":["seeker profile CV endpoints"],"duration":22,"failureDetails":[],"failureMessages":[],"fullName":"seeker profile CV endpoints GET /api/seeker/profile returns linkedinUrl, bio, education, experience, certifications, and cvTemplate","invocations":1,"location":null,"numPassingAsserts":3,"retryReasons":[],"status":"passed","title":"GET /api/seeker/profile returns linkedinUrl, bio, education, experience, certifications, and cvTemplate"},{"ancestorTitles":["seeker profile CV endpoints"],"duration":26,"failureDetails":[],"failureMessages":[],"fullName":"seeker profile CV endpoints PATCH /api/seeker/profile/cv updates bio","invocations":1,"location":null,"numPassingAsserts":3,"retryReasons":[],"status":"passed","title":"PATCH /api/seeker/profile/cv updates bio"},{"ancestorTitles":["seeker profile CV endpoints"],"duration":16,"failureDetails":[],"failureMessages":[],"fullName":"seeker profile CV endpoints PATCH /api/seeker/profile/cv updates education","invocations":1,"location":null,"numPassingAsserts":3,"retryReasons":[],"status":"passed","title":"PATCH /api/seeker/profile/cv updates education"},{"ancestorTitles":["seeker profile CV endpoints"],"duration":19,"failureDetails":[],"failureMessages":[],"fullName":"seeker profile CV endpoints PATCH /api/seeker/profile/cv updates experience","invocations":1,"location":null,"numPassingAsserts":3,"retryReasons":[],"status":"passed","title":"PATCH /api/seeker/profile/cv updates experience"},{"ancestorTitles":["seeker profile CV endpoints"],"duration":16,"failureDetails":[],"failureMessages":[],"fullName":"seeker profile CV endpoints PATCH /api/seeker/profile/cv updates linkedinUrl","invocations":1,"location":null,"numPassingAsserts":3,"retryReasons":[],"status":"passed","title":"PATCH /api/seeker/profile/cv updates linkedinUrl"},{"ancestorTitles":["seeker profile CV endpoints"],"duration":14,"failureDetails":[],"failureMessages":[],"fullName":"seeker profile CV endpoints PATCH /api/seeker/profile/cv updates certifications and cvTemplate","invocations":1,"location":null,"numPassingAsserts":4,"retryReasons":[],"status":"passed","title":"PATCH /api/seeker/profile/cv updates certifications and cvTemplate"},{"ancestorTitles":["seeker profile CV endpoints"],"duration":15,"failureDetails":[],"failureMessages":[],"fullName":"seeker profile CV endpoints PATCH /api/seeker/profile/cv updates normalized languages and projects","invocations":1,"location":null,"numPassingAsserts":3,"retryReasons":[],"status":"passed","title":"PATCH /api/seeker/profile/cv updates normalized languages and projects"},{"ancestorTitles":["seeker profile CV endpoints"],"duration":23,"failureDetails":[],"failureMessages":[],"fullName":"seeker profile CV endpoints rejects malformed language/project payloads: {\"languages\":[{\"name\":\"\",\"proficiency\":\"Fluent\"}]}","invocations":1,"location":null,"numPassingAsserts":2,"retryReasons":[],"status":"passed","title":"rejects malformed language/project payloads: {\"languages\":[{\"name\":\"\",\"proficiency\":\"Fluent\"}]}"},{"ancestorTitles":["seeker profile CV endpoints"],"duration":13,"failureDetails":[],"failureMessages":[],"fullName":"seeker profile CV endpoints rejects malformed language/project payloads: {\"languages\":[{\"name\":\"English\",\"proficiency\":\"Invalid\"}]}","invocations":1,"location":null,"numPassingAsserts":2,"retryReasons":[],"status":"passed","title":"rejects malformed language/project payloads: {\"languages\":[{\"name\":\"English\",\"proficiency\":\"Invalid\"}]}"},{"ancestorTitles":["seeker profile CV endpoints"],"duration":12,"failureDetails":[],"failureMessages":[],"fullName":"seeker profile CV endpoints rejects malformed language/project payloads: {\"languages\":[{\"name\":\"English\",\"proficiency\":\"Fluent\",\"extra\":true}]}","invocations":1,"location":null,"numPassingAsserts":2,"retryReasons":[],"status":"passed","title":"rejects malformed language/project payloads: {\"languages\":[{\"name\":\"English\",\"proficiency\":\"Fluent\",\"extra\":true}]}"},{"ancestorTitles":["seeker profile CV endpoints"],"duration":15,"failureDetails":[],"failureMessages":[],"fullName":"seeker profile CV endpoints rejects malformed language/project payloads: {\"languages\":[{\"name\":\"English\",\"proficiency\":\"Fluent\"},{\"name\":\"english\",\"proficiency\":\"Native\"}]}","invocations":1,"location":null,"numPassingAsserts":2,"retryReasons":[],"status":"passed","title":"rejects malformed language/project payloads: {\"languages\":[{\"name\":\"English\",\"proficiency\":\"Fluent\"},{\"name\":\"english\",\"proficiency\":\"Native\"}]}"},{"ancestorTitles":["seeker profile CV endpoints"],"duration":12,"failureDetails":[],"failureMessages":[],"fullName":"seeker profile CV endpoints rejects malformed language/project payloads: {\"projects\":[{\"name\":\"\",\"technologies\":[]}]}","invocations":1,"location":null,"numPassingAsserts":2,"retryReasons":[],"status":"passed","title":"rejects malformed language/project payloads: {\"projects\":[{\"name\":\"\",\"technologies\":[]}]}"},{"ancestorTitles":["seeker profile CV endpoints"],"duration":12,"failureDetails":[],"failureMessages":[],"fullName":"seeker profile CV endpoints rejects malformed language/project payloads: {\"projects\":[{\"name\":\"Demo\",\"projectUrl\":\"not-a-url\"}]}","invocations":1,"location":null,"numPassingAsserts":2,"retryReasons":[],"status":"passed","title":"rejects malformed language/project payloads: {\"projects\":[{\"name\":\"Demo\",\"projectUrl\":\"not-a-url\"}]}"},{"ancestorTitles":["seeker profile CV endpoints"],"duration":12,"failureDetails":[],"failureMessages":[],"fullName":"seeker profile CV endpoints rejects malformed language/project payloads: {\"projects\":[{\"name\":\"Demo\",\"technologies\":[\"React\",\"react\"]}]}","invocations":1,"location":null,"numPassingAsserts":2,"retryReasons":[],"status":"passed","title":"rejects malformed language/project payloads: {\"projects\":[{\"name\":\"Demo\",\"technologies\":[\"React\",\"react\"]}]}"},{"ancestorTitles":["seeker profile CV endpoints"],"duration":19,"failureDetails":[],"failureMessages":[],"fullName":"seeker profile CV endpoints preserves language and project fields during unrelated partial CV updates","invocations":1,"location":null,"numPassingAsserts":3,"retryReasons":[],"status":"passed","title":"preserves language and project fields during unrelated partial CV updates"},{"ancestorTitles":["seeker profile CV endpoints"],"duration":18,"failureDetails":[],"failureMessages":[],"fullName":"seeker profile CV endpoints PATCH /api/seeker/profile/cv rejects invalid cvTemplate","invocations":1,"location":null,"numPassingAsserts":2,"retryReasons":[],"status":"passed","title":"PATCH /api/seeker/profile/cv rejects invalid cvTemplate"},{"ancestorTitles":["seeker profile CV endpoints"],"duration":13,"failureDetails":[],"failureMessages":[],"fullName":"seeker profile CV endpoints PATCH /api/seeker/profile/cv allows partial CV updates","invocations":1,"location":null,"numPassingAsserts":2,"retryReasons":[],"status":"passed","title":"PATCH /api/seeker/profile/cv allows partial CV updates"},{"ancestorTitles":["seeker profile CV endpoints"],"duration":15,"failureDetails":[],"failureMessages":[],"fullName":"seeker profile CV endpoints PATCH /api/seeker/profile/cv rejects invalid LinkedIn URL","invocations":1,"location":null,"numPassingAsserts":2,"retryReasons":[],"status":"passed","title":"PATCH /api/seeker/profile/cv rejects invalid LinkedIn URL"},{"ancestorTitles":["seeker profile CV endpoints"],"duration":15,"failureDetails":[],"failureMessages":[],"fullName":"seeker profile CV endpoints PATCH /api/seeker/profile/cv rejects malformed education","invocations":1,"location":null,"numPassingAsserts":2,"retryReasons":[],"status":"passed","title":"PATCH /api/seeker/profile/cv rejects malformed education"},{"ancestorTitles":["seeker profile CV endpoints"],"duration":12,"failureDetails":[],"failureMessages":[],"fullName":"seeker profile CV endpoints PATCH /api/seeker/profile/cv rejects malformed experience","invocations":1,"location":null,"numPassingAsserts":2,"retryReasons":[],"status":"passed","title":"PATCH /api/seeker/profile/cv rejects malformed experience"},{"ancestorTitles":["seeker profile CV endpoints"],"duration":24,"failureDetails":[],"failureMessages":[],"fullName":"seeker profile CV endpoints PATCH /api/seeker/profile/cv rejects unknown fields","invocations":1,"location":null,"numPassingAsserts":2,"retryReasons":[],"status":"passed","title":"PATCH /api/seeker/profile/cv rejects unknown fields"},{"ancestorTitles":["seeker profile CV endpoints"],"duration":10,"failureDetails":[],"failureMessages":[],"fullName":"seeker profile CV endpoints PATCH /api/seeker/profile/cv returns 401 without authentication","invocations":1,"location":null,"numPassingAsserts":2,"retryReasons":[],"status":"passed","title":"PATCH /api/seeker/profile/cv returns 401 without authentication"},{"ancestorTitles":["seeker profile CV endpoints"],"duration":12,"failureDetails":[],"failureMessages":[],"fullName":"seeker profile CV endpoints PATCH /api/seeker/profile/cv returns 403 for an EMPLOYER token","invocations":1,"location":null,"numPassingAsserts":2,"retryReasons":[],"status":"passed","title":"PATCH /api/seeker/profile/cv returns 403 for an EMPLOYER token"},{"ancestorTitles":["seeker profile CV endpoints"],"duration":13,"failureDetails":[],"failureMessages":[],"fullName":"seeker profile CV endpoints GET /api/seeker/profile still calculates onboardingComplete based only on onboarding fields","invocations":1,"location":null,"numPassingAsserts":2,"retryReasons":[],"status":"passed","title":"GET /api/seeker/profile still calculates onboardingComplete based only on onboarding fields"},{"ancestorTitles":["seeker profile CV endpoints"],"duration":17,"failureDetails":[],"failureMessages":[],"fullName":"seeker profile CV endpoints GET /api/seeker/profile returns false for onboardingComplete when CV fields are missing onboarding fields","invocations":1,"location":null,"numPassingAsserts":2,"retryReasons":[],"status":"passed","title":"GET /api/seeker/profile returns false for onboardingComplete when CV fields are missing onboarding fields"}],"endTime":1789413417490,"message":"","name":"C:\\Users\\HP\\Downloads\\JOb portals\\Job-portal-backend\\tests\\seeker.profile.test.js","startTime":1789413414469,"status":"passed","summary":""},{"assertionResults":[{"ancestorTitles":["Employer Applications authorization and privacy"],"duration":31,"failureDetails":[],"failureMessages":[],"fullName":"Employer Applications authorization and privacy unauthenticated application requests are rejected","invocations":1,"location":null,"numPassingAsserts":1,"retryReasons":[],"status":"passed","title":"unauthenticated application requests are rejected"},{"ancestorTitles":["Employer Applications authorization and privacy"],"duration":15,"failureDetails":[],"failureMessages":[],"fullName":"Employer Applications authorization and privacy SEEKER cannot access employer applications","invocations":1,"location":null,"numPassingAsserts":1,"retryReasons":[],"status":"passed","title":"SEEKER cannot access employer applications"},{"ancestorTitles":["Employer Applications authorization and privacy"],"duration":21,"failureDetails":[],"failureMessages":[],"fullName":"Employer Applications authorization and privacy ADMIN cannot access employer applications","invocations":1,"location":null,"numPassingAsserts":1,"retryReasons":[],"status":"passed","title":"ADMIN cannot access employer applications"},{"ancestorTitles":["Employer Applications authorization and privacy"],"duration":14,"failureDetails":[],"failureMessages":[],"fullName":"Employer Applications authorization and privacy Employer A list is scoped by the authenticated employer and excludes sensitive identity data","invocations":1,"location":null,"numPassingAsserts":5,"retryReasons":[],"status":"passed","title":"Employer A list is scoped by the authenticated employer and excludes sensitive identity data"},{"ancestorTitles":["Employer Applications authorization and privacy"],"duration":24,"failureDetails":[],"failureMessages":[],"fullName":"Employer Applications authorization and privacy Employer B cannot access Employer A application detail","invocations":1,"location":null,"numPassingAsserts":2,"retryReasons":[],"status":"passed","title":"Employer B cannot access Employer A application detail"},{"ancestorTitles":["Employer Applications authorization and privacy"],"duration":88,"failureDetails":[],"failureMessages":[],"fullName":"Employer Applications authorization and privacy application detail exposes profile and application data but no unrelated sensitive fields","invocations":1,"location":null,"numPassingAsserts":9,"retryReasons":[],"status":"passed","title":"application detail exposes profile and application data but no unrelated sensitive fields"},{"ancestorTitles":["Employer Application status and CV access"],"duration":55,"failureDetails":[],"failureMessages":[],"fullName":"Employer Application status and CV access valid status updates only the status field after ownership validation","invocations":1,"location":null,"numPassingAsserts":4,"retryReasons":[],"status":"passed","title":"valid status updates only the status field after ownership validation"},{"ancestorTitles":["Employer Application status and CV access"],"duration":22,"failureDetails":[],"failureMessages":[],"fullName":"Employer Application status and CV access invalid status is rejected before database mutation","invocations":1,"location":null,"numPassingAsserts":3,"retryReasons":[],"status":"passed","title":"invalid status is rejected before database mutation"},{"ancestorTitles":["Employer Application status and CV access"],"duration":18,"failureDetails":[],"failureMessages":[],"fullName":"Employer Application status and CV access unavailable application CV returns a clear 404 without exposing a storage key","invocations":1,"location":null,"numPassingAsserts":2,"retryReasons":[],"status":"passed","title":"unavailable application CV returns a clear 404 without exposing a storage key"},{"ancestorTitles":["Employer Application status and CV access"],"duration":1
[...]
1,"location":null,"numPassingAsserts":2,"retryReasons":[],"status":"passed","title":"contract selection rejects a non-owned application"},{"ancestorTitles":[],"duration":2,"failureDetails":[],"failureMessages":[],"fullName":"second Contract Job candidate selection fails before creating another engagement","invocations":1,"location":null,"numPassingAsserts":3,"retryReasons":[],"status":"passed","title":"second Contract Job candidate selection fails before creating another engagement"},{"ancestorTitles":[],"duration":6,"failureDetails":[],"failureMessages":[],"fullName":"simultaneous Contract Job selections serialize to one selected candidate","invocations":1,"location":null,"numPassingAsserts":5,"retryReasons":[],"status":"passed","title":"simultaneous Contract Job selections serialize to one selected candidate"},{"ancestorTitles":[],"duration":4,"failureDetails":[],"failureMessages":[],"fullName":"generic ACCEPTED status cannot bypass Contract Job payment selection","invocations":1,"location":null,"numPassingAsserts":3,"retryReasons":[],"status":"passed","title":"generic ACCEPTED status cannot bypass Contract Job payment selection"},{"ancestorTitles":[],"duration":4,"failureDetails":[],"failureMessages":[],"fullName":"contract payment initialization uses the snapshot amount and does not use a separate escrow system","invocations":1,"location":null,"numPassingAsserts":3,"retryReasons":[],"status":"passed","title":"contract payment initialization uses the snapshot amount and does not use a separate escrow system"},{"ancestorTitles":[],"duration":9,"failureDetails":[],"failureMessages":[],"fullName":"verified contract payment funds escrow and finalizes application acceptance atomically","invocations":1,"location":null,"numPassingAsserts":5,"retryReasons":[],"status":"passed","title":"verified contract payment funds escrow and finalizes application acceptance atomically"},{"ancestorTitles":[],"duration":2,"failureDetails":[],"failureMessages":[],"fullName":"wrong provider amount does not finalize a Contract Job","invocations":1,"location":null,"numPassingAsserts":3,"retryReasons":[],"status":"passed","title":"wrong provider amount does not finalize a Contract Job"}],"endTime":1789413461341,"message":"","name":"C:\\Users\\HP\\Downloads\\JOb portals\\Job-portal-backend\\tests\\contracts.contract-job.test.js","startTime":1789413460247,"status":"passed","summary":""},{"assertionResults":[{"ancestorTitles":["subscription entitlement enforcement"],"duration":8,"failureDetails":[],"failureMessages":[],"fullName":"subscription entitlement enforcement free user has no paid entitlement","invocations":1,"location":null,"numPassingAsserts":1,"retryReasons":[],"status":"passed","title":"free user has no paid entitlement"},{"ancestorTitles":["subscription entitlement enforcement"],"duration":1,"failureDetails":[],"failureMessages":[],"fullName":"subscription entitlement enforcement pending subscription does not grant entitlement","invocations":1,"location":null,"numPassingAsserts":1,"retryReasons":[],"status":"passed","title":"pending subscription does not grant entitlement"},{"ancestorTitles":["subscription entitlement enforcement"],"duration":1,"failureDetails":[],"failureMessages":[],"fullName":"subscription entitlement enforcement active professional grants professional entitlement","invocations":1,"location":null,"numPassingAsserts":1,"retryReasons":[],"status":"passed","title":"active professional grants professional entitlement"},{"ancestorTitles":["subscription entitlement enforcement"],"duration":1,"failureDetails":[],"failureMessages":[],"fullName":"subscription entitlement enforcement active professional does not grant premium-only entitlement","invocations":1,"location":null,"numPassingAsserts":1,"retryReasons":[],"status":"passed","title":"active professional does not grant premium-only entitlement"},{"ancestorTitles":["subscription entitlement enforcement"],"duration":1,"failureDetails":[],"failureMessages":[],"fullName":"subscription entitlement enforcement active premium grants premium-only entitlement","invocations":1,"location":null,"numPassingAsserts":1,"retryReasons":[],"status":"passed","title":"active premium grants premium-only entitlement"},{"ancestorTitles":["subscription entitlement enforcement"],"duration":2,"failureDetails":[],"failureMessages":[],"fullName":"subscription entitlement enforcement expired, cancelled and failed subscriptions do not grant access","invocations":1,"location":null,"numPassingAsserts":3,"retryReasons":[],"status":"passed","title":"expired, cancelled and failed subscriptions do not grant access"},{"ancestorTitles":["subscription entitlement enforcement"],"duration":6,"failureDetails":[],"failureMessages":[],"fullName":"subscription entitlement enforcement middleware allows authorized entitlement and rejects unauthorized requests","invocations":1,"location":null,"numPassingAsserts":2,"retryReasons":[],"status":"passed","title":"middleware allows authorized entitlement and rejects unauthorized requests"},{"ancestorTitles":["subscription entitlement enforcement"],"duration":3,"failureDetails":[],"failureMessages":[],"fullName":"subscription entitlement enforcement listSeekerSubscriptions includes current entitlements from active plan","invocations":1,"location":null,"numPassingAsserts":2,"retryReasons":[],"status":"passed","title":"listSeekerSubscriptions includes current entitlements from active plan"}],"endTime":1789413463095,"message":"","name":"C:\\Users\\HP\\Downloads\\JOb portals\\Job-portal-backend\\tests\\subscription.entitlements.test.js","startTime":1789413462255,"status":"passed","summary":""},{"assertionResults":[{"ancestorTitles":[],"duration":5,"failureDetails":[],"failureMessages":[],"fullName":"defines unique monthly Professional and Premium plans with stable entitlement keys","invocations":1,"location":null,"numPassingAsserts":7,"retryReasons":[],"status":"passed","title":"defines unique monthly Professional and Premium plans with stable entitlement keys"},{"ancestorTitles":[],"duration":2,"failureDetails":[],"failureMessages":[],"fullName":"records subscription lifecycle events without payment or entitlement side effects","invocations":1,"location":null,"numPassingAsserts":1,"retryReasons":[],"status":"passed","title":"records subscription lifecycle events without payment or entitlement side effects"},{"ancestorTitles":[],"duration":3,"failureDetails":[],"failureMessages":[],"fullName":"documents the active-only uniqueness lifecycle for upgrades","invocations":1,"location":null,"numPassingAsserts":4,"retryReasons":[],"status":"passed","title":"documents the active-only uniqueness lifecycle for upgrades"}],"endTime":1789413463394,"message":"","name":"C:\\Users\\HP\\Downloads\\JOb portals\\Job-portal-backend\\tests\\subscription.foundation.test.js","startTime":1789413463106,"status":"passed","summary":""},{"assertionResults":[{"ancestorTitles":[],"duration":102,"failureDetails":[],"failureMessages":[],"fullName":"immediate Contract Jobs accept no scheduled date","invocations":1,"location":null,"numPassingAsserts":2,"retryReasons":[],"status":"passed","title":"immediate Contract Jobs accept no scheduled date"},{"ancestorTitles":[],"duration":4,"failureDetails":[],"failureMessages":[],"fullName":"scheduled Contract Jobs require a scheduled date","invocations":1,"location":null,"numPassingAsserts":1,"retryReasons":[],"status":"passed","title":"scheduled Contract Jobs require a scheduled date"},{"ancestorTitles":[],"duration":2,"failureDetails":[],"failureMessages":[],"fullName":"expected completion is optional but must follow scheduled start","invocations":1,"location":null,"numPassingAsserts":2,"retryReasons":[],"status":"passed","title":"expected completion is optional but must follow scheduled start"}],"endTime":1789413464287,"message":"","name":"C:\\Users\\HP\\Downloads\\JOb portals\\Job-portal-backend\\tests\\contract-job.validation.test.js","startTime":1789413463410,"status":"passed","summary":""},{"assertionResults":[{"ancestorTitles":["authenticate"],"duration":16,"failureDetails":[],"failureMessages":[],"fullName":"authenticate accepts a valid token and constructs req.user from its claims","invocations":1,"location":null,"numPassingAsserts":3,"retryReasons":[],"status":"passed","title":"accepts a valid token and constructs req.user from its claims"},{"ancestorTitles":["authenticate"],"duration":10,"failureDetails":[],"failureMessages":[],"fullName":"authenticate rejects an expired token","invocations":1,"location":null,"numPassingAsserts":2,"retryReasons":[],"status":"passed","title":"rejects an expired token"},{"ancestorTitles":["authenticate"],"duration":2,"failureDetails":[],"failureMessages":[],"fullName":"authenticate rejects an invalid token","invocations":1,"location":null,"numPassingAsserts":2,"retryReasons":[],"status":"passed","title":"rejects an invalid token"},{"ancestorTitles":["authenticate"],"duration":8,"failureDetails":[],"failureMessages":[],"fullName":"authenticate rejects a token with the wrong issuer","invocations":1,"location":null,"numPassingAsserts":2,"retryReasons":[],"status":"passed","title":"rejects a token with the wrong issuer"},{"ancestorTitles":["authenticate"],"duration":7,"failureDetails":[],"failureMessages":[],"fullName":"authenticate rejects a token with the wrong audience","invocations":1,"location":null,"numPassingAsserts":2,"retryReasons":[],"status":"passed","title":"rejects a token with the wrong audience"},{"ancestorTitles":["authenticate"],"duration":11,"failureDetails":[],"failureMessages":[],"fullName":"authenticate rejects a token using the wrong algorithm","invocations":1,"location":null,"numPassingAsserts":2,"retryReasons":[],"status":"passed","title":"rejects a token using the wrong algorithm"},{"ancestorTitles":["authenticate"],"duration":4,"failureDetails":[],"failureMessages":[],"fullName":"authenticate rejects a token without a subject","invocations":1,"location":null,"numPassingAsserts":2,"retryReasons":[],"status":"passed","title":"rejects a token without a subject"}],"endTime":1789413464897,"message":"","name":"C:\\Users\\HP\\Downloads\\JOb portals\\Job-portal-backend\\tests\\auth.jwt.test.js","startTime":1789413464296,"status":"passed","summary":""},{"assertionResults":[{"ancestorTitles":[],"duration":11,"failureDetails":[],"failureMessages":[],"fullName":"payment initialization uses server-side gross amount and currency","invocations":1,"location":null,"numPassingAsserts":3,"retryReasons":[],"status":"passed","title":"payment initialization uses server-side gross amount and currency"},{"ancestorTitles":[],"duration":1,"failureDetails":[],"failureMessages":[],"fullName":"wrong employer cannot initialize payment","invocations":1,"location":null,"numPassingAsserts":2,"retryReasons":[],"status":"passed","title":"wrong employer cannot initialize payment"},{"ancestorTitles":[],"duration":7,"failureDetails":[],"failureMessages":[],"fullName":"verified payment atomically funds the escrow","invocations":1,"location":null,"numPassingAsserts":4,"retryReasons":[],"status":"passed","title":"verified payment atomically funds the escrow"},{"ancestorTitles":[],"duration":3,"failureDetails":[],"failureMessages":[],"fullName":"wrong provider amount does not fund escrow","invocations":1,"location":null,"numPassingAsserts":2,"retryReasons":[],"status":"passed","title":"wrong provider amount does not fund escrow"},{"ancestorTitles":[],"duration":3,"failureDetails":[],"failureMessages":[],"fullName":"seeker can submit completion only after funded escrow","invocations":1,"location":null,"numPassingAsserts":2,"retryReasons":[],"status":"passed","title":"seeker can submit completion only after funded escrow"},{"ancestorTitles":[],"duration":2,"failureDetails":[],"failureMessages":[],"fullName":"employer confirmation makes funded escrow release eligible","invocations":1,"location":null,"numPassingAsserts":2,"retryReasons":[],"status":"passed","title":"employer confirmation makes funded escrow release eligible"}],"endTime":1789413465336,"message":"","name":"C:\\Users\\HP\\Downloads\\JOb portals\\Job-portal-backend\\tests\\contracts.phase2-3.test.js","startTime":1789413464939,"status":"passed","summary":""},{"assertionResults":[{"ancestorTitles":["Ownership Policy","checkOwnership()"],"duration":3,"failureDetails":[],"failureMessages":[],"fullName":"Ownership Policy checkOwnership() should return true when authenticated user owns the resource","invocations":1,"location":null,"numPassingAsserts":1,"retryReasons":[],"status":"passed","title":"should return true when authenticated user owns the resource"},{"ancestorTitles":["Ownership Policy","checkOwnership()"],"duration":0,"failureDetails":[],"failureMessages":[],"fullName":"Ownership Policy checkOwnership() should return false when authenticated user does not own the resource","invocations":1,"location":null,"numPassingAsserts":1,"retryReasons":[],"status":"passed","title":"should return false when authenticated user does not own the resource"},{"ancestorTitles":["Ownership Policy","checkOwnership()"],"duration":0,"failureDetails":[],"failureMessages":[],"fullName":"Ownership Policy checkOwnership() should return false when authenticated user ID is missing","invocations":1,"location":null,"numPassingAsserts":1,"retryReasons":[],"status":"passed","title":"should return false when authenticated user ID is missing"},{"ancestorTitles":["Ownership Policy","checkOwnership()"],"duration":0,"failureDetails":[],"failureMessages":[],"fullName":"Ownership Policy checkOwnership() should return false when authenticated user ID is empty string","invocations":1,"location":null,"numPassingAsserts":1,"retryReasons":[],"status":"passed","title":"should return false when authenticated user ID is empty string"},{"ancestorTitles":["Ownership Policy","checkOwnership()"],"duration":1,"failureDetails":[],"failureMessages":[],"fullName":"Ownership Policy checkOwnership() should return false when authenticated user ID is not a string","invocations":1,"location":null,"numPassingAsserts":1,"retryReasons":[],"status":"passed","title":"should return false when authenticated user ID is not a string"},{"ancestorTitles":["Ownership Policy","checkOwnership()"],"duration":1,"failureDetails":[],"failureMessages":[],"fullName":"Ownership Policy checkOwnership() should return false when resource owner ID is missing","invocations":1,"location":null,"numPassingAsserts":1,"retryReasons":[],"status":"passed","title":"should return false when resource owner ID is missing"},{"ancestorTitles":["Ownership Policy","checkOwnership()"],"duration":1,"failureDetails":[],"failureMessages":[],"fullName":"Ownership Policy checkOwnership() should return false when resource owner ID is empty string","invocations":1,"location":null,"numPassingAsserts":1,"retryReasons":[],"status":"passed","title":"should return false when resource owner ID is empty string"},{"ancestorTitles":["Ownership Policy","checkOwnership()"],"duration":2,"failureDetails":[],"failureMessages":[],"fullName":"Ownership Policy checkOwnership() should return false when resource owner ID is not a string","invocations":1,"location":null,"numPassingAsserts":1,"retryReasons":[],"status":"passed","title":"should return false when resource owner ID is not a string"},{"ancestorTitles":["Ownership Policy","checkOwnership()"],"duration":26,"failureDetails":[],"failureMessages":[],"fullName":"Ownership Policy checkOwnership() should throw OwnershipError with status 403 when throwOnMismatch is true and user does not own resource","invocations":1,"location":null,"numPassingAsserts":3,"retryReasons":[],"status":"passed","title":"should throw OwnershipError with status 403 when throwOnMismatch is true and user does not own resource"},{"ancestorTitles":["Ownership Policy","checkOwnership()"],"duration":1,"failureDetails":[],"failureMessages":[],"fullName":"Ownership Policy checkOwnership() should throw OwnershipError with status 401 when throwOnMismatch is true and authenticated user ID is missing","invocations":1,"location":null,"numPassingAsserts":3,"retryReasons":[],"status":"passed","title":"should throw OwnershipError with status 401 when throwOnMismatch is true and authenticated user ID is missing"},{"ancestorTitles":["Ownership Policy","checkOwnership()"],"duration":3,"failureDetails":[],"failureMessages":[],"fullName":"Ownership Policy checkOwnership() should throw OwnershipError with status 500 when throwOnMismatch is true and resource owner ID is invalid","invocations":1,"location":null,"numPassingAsserts":3,"retryReasons":[],"status":"passed","title":"should throw OwnershipError with status 500 when throwOnMismatch is true and resource owner ID is invalid"},{"ancestorTitles":["Ownership Policy","checkOwnership()"],"duration":1,"failureDetails":[],"failureMessages":[],"fullName":"Ownership Policy checkOwnership() should not throw when throwOnMismatch is true and user owns the resource","invocations":1,"location":null,"numPassingAsserts":1,"retryReasons":[],"status":"passed","title":"should not throw when throwOnMismatch is true and user owns the resource"},{"ancestorTitles":["Ownership Policy","OwnershipError"],"duration":1,"failureDetails":[],"failureMessages":[],"fullName":"Ownership Policy OwnershipError should have correct name and default status code","invocations":1,"location":null,"numPassingAsserts":3,"retryReasons":[],"status":"passed","title":"should have correct name and default status code"},{"ancestorTitles":["Ownership Policy","OwnershipError"],"duration":1,"failureDetails":[],"failureMessages":[],"fullName":"Ownership Policy OwnershipError should accept custom status code","invocations":1,"location":null,"numPassingAsserts":1,"retryReasons":[],"status":"passed","title":"should accept custom status code"}],"endTime":1789413465696,"message":"","name":"C:\\Users\\HP\\Downloads\\JOb portals\\Job-portal-backend\\tests\\ownership.policy.test.js","startTime":1789413465356,"status":"passed","summary":""},{"assertionResults":[{"ancestorTitles":["requireRole"],"duration":4,"failureDetails":[],"failureMessages":[],"fullName":"requireRole returns 401 for an unauthenticated request","invocations":1,"location":null,"numPassingAsserts":3,"retryReasons":[],"status":"passed","title":"returns 401 for an unauthenticated request"},{"ancestorTitles":["requireRole"],"duration":0,"failureDetails":[],"failureMessages":[],"fullName":"requireRole allows an authenticated ADMIN","invocations":1,"location":null,"numPassingAsserts":1,"retryReasons":[],"status":"passed","title":"allows an authenticated ADMIN"},{"ancestorTitles":["requireRole"],"duration":0,"failureDetails":[],"failureMessages":[],"fullName":"requireRole allows an authenticated EMPLOYER","invocations":1,"location":null,"numPassingAsserts":1,"retryReasons":[],"status":"passed","title":"allows an authenticated EMPLOYER"},{"ancestorTitles":["requireRole"],"duration":1,"failureDetails":[],"failureMessages":[],"fullName":"requireRole returns 403 for a disallowed SEEKER","invocations":1,"location":null,"numPassingAsserts":3,"retryReasons":[],"status":"passed","title":"returns 403 for a disallowed SEEKER"},{"ancestorTitles":["requireRole"],"duration":5,"failureDetails":[],"failureMessages":[],"fullName":"requireRole allows any of multiple permitted roles","invocations":1,"location":null,"numPassingAsserts":1,"retryReasons":[],"status":"passed","title":"allows any of multiple permitted roles"},{"ancestorTitles":["requireRole"],"duration":2,"failureDetails":[],"failureMessages":[],"fullName":"requireRole returns 403 when the authenticated user has no role","invocations":1,"location":null,"numPassingAsserts":3,"retryReasons":[],"status":"passed","title":"returns 403 when the authenticated user has no role"}],"endTime":1789413465992,"message":"","name":"C:\\Users\\HP\\Downloads\\JOb portals\\Job-portal-backend\\tests\\authorization.middleware.test.js","startTime":1789413465717,"status":"passed","summary":""}],"wasInterrupted":false}
